<?xml version="1.0" encoding="UTF-8"?>
<testsuite name="parkingLot.LotObserverTest" tests="2" skipped="0" failures="0" errors="0" timestamp="2020-01-03T06:55:23" hostname="bridgelabz" time="0.001">
  <properties/>
  <testcase name="givenLotFull_ShouldReturnTrue" classname="parkingLot.LotObserverTest" time="0.0"/>
  <testcase name="givenLotAvailableAgain_ShouldReturnFalse" classname="parkingLot.LotObserverTest" time="0.0"/>
  <system-out><![CDATA[]]></system-out>
  <system-err><![CDATA[]]></system-err>
</testsuite>
