<?xml version="1.0" encoding="UTF-8"?>
<testsuite name="parkingLot.SlotTest" tests="1" skipped="0" failures="0" errors="0" timestamp="2020-01-04T12:04:10" hostname="bridgelabz" time="0.016">
  <properties/>
  <testcase name="givenVehicle_WhenParked_ShouldSetParkingTime" classname="parkingLot.SlotTest" time="0.016"/>
  <system-out><![CDATA[]]></system-out>
  <system-err><![CDATA[]]></system-err>
</testsuite>
