<?xml version="1.0" encoding="UTF-8"?>
<testsuite name="parkingLot.ParkingLotSystemTest" tests="1" skipped="0" failures="0" errors="0" timestamp="2019-12-27T10:45:32" hostname="bridgelabz" time="0.003">
  <properties/>
  <testcase name="givenVehicleWhenParkingLotFull_ShouldInformOwner" classname="parkingLot.ParkingLotSystemTest" time="0.003"/>
  <system-out><![CDATA[true
]]></system-out>
  <system-err><![CDATA[]]></system-err>
</testsuite>
