<?xml version="1.0" encoding="UTF-8"?>
<testsuite name="parkingLot.parkingLotTest" tests="10" skipped="0" failures="0" errors="0" timestamp="2020-01-04T06:55:57" hostname="bridgelabz" time="1.073">
  <properties/>
  <testcase name="givenVehicleWhenParked_ShouldReturnTrue" classname="parkingLot.parkingLotTest" time="1.047"/>
  <testcase name="givenVehicleWhichIsNotParked_AndTriedToCheckIfParked_ShouldThrowException" classname="parkingLot.parkingLotTest" time="0.001"/>
  <testcase name="givenVehicleWhenParked_ShouldReturnAvailableEmptySlots" classname="parkingLot.parkingLotTest" time="0.004"/>
  <testcase name="givenVehicle_WhenParked_shouldReturnTrue" classname="parkingLot.parkingLotTest" time="0.001"/>
  <testcase name="givenVehicle_WhenNotParked_shouldReturnFalse" classname="parkingLot.parkingLotTest" time="0.002"/>
  <testcase name="givenVehicleWhenParked_ShouldBeAbleToFindTheVehicleAtThatSlot" classname="parkingLot.parkingLotTest" time="0.001"/>
  <testcase name="givenVehicle_SystemShouldReturnListOfAvailableEmptySlots" classname="parkingLot.parkingLotTest" time="0.004"/>
  <testcase name="givenVehicleWhenUnParked_ShouldReturnTrue" classname="parkingLot.parkingLotTest" time="0.002"/>
  <testcase name="givenVehicleWhenParkingLotFull_ShouldThrowException" classname="parkingLot.parkingLotTest" time="0.002"/>
  <testcase name="givenVehicleWhenParked_ShouldReturnVehicleCount" classname="parkingLot.parkingLotTest" time="0.006"/>
  <system-out><![CDATA[]]></system-out>
  <system-err><![CDATA[]]></system-err>
</testsuite>
