<?xml version="1.0" encoding="UTF-8"?>
<testsuite name="parkingLot.VehicleAvailabilityCheckTest" tests="1" skipped="0" failures="0" errors="0" timestamp="2019-12-27T12:12:08" hostname="bridgelabz" time="0.001">
  <properties/>
  <testcase name="givenVehicleAndParkingLot_returnTrueIfVehicleIsNotAvailable" classname="parkingLot.VehicleAvailabilityCheckTest" time="0.001"/>
  <system-out><![CDATA[]]></system-out>
  <system-err><![CDATA[]]></system-err>
</testsuite>
