<?xml version="1.0" encoding="UTF-8"?>
<testsuite name="parkingLot.ParkingLotSystemTest" tests="7" skipped="0" failures="0" errors="0" timestamp="2020-01-02T05:31:21" hostname="bridgelabz" time="0.016">
  <properties/>
  <testcase name="givenVehicleWhenParked_ShouldReturnTrue" classname="parkingLot.ParkingLotSystemTest" time="0.006"/>
  <testcase name="givenVehicleWhichIsNotParked_AndTriedToCheckIfParked_ShouldThrowException" classname="parkingLot.ParkingLotSystemTest" time="0.0"/>
  <testcase name="givenVehicleWhenNotParkedAndTriedToSearch_ShouldThrowException" classname="parkingLot.ParkingLotSystemTest" time="0.001"/>
  <testcase name="givenVehicleWhenParked_ShouldBeAbleToFindTheVehicleAtThatSlot" classname="parkingLot.ParkingLotSystemTest" time="0.0"/>
  <testcase name="givenVehicle_SystemShouldReturnListOfAvailableEmptySlots" classname="parkingLot.ParkingLotSystemTest" time="0.003"/>
  <testcase name="givenVehicleWhenUnParked_ShouldReturnTrue" classname="parkingLot.ParkingLotSystemTest" time="0.002"/>
  <testcase name="givenVehicleWhenParkingLotFull_ShouldThrowException" classname="parkingLot.ParkingLotSystemTest" time="0.001"/>
  <system-out><![CDATA[]]></system-out>
  <system-err><![CDATA[]]></system-err>
</testsuite>
