<?xml version="1.0" encoding="UTF-8"?>
<testsuite name="parkingLot.ParkingLotSystemTest" tests="7" skipped="0" failures="0" errors="0" timestamp="2019-12-27T11:29:21" hostname="bridgelabz" time="0.004">
  <properties/>
  <testcase name="givenVehicleWhenParked_ShouldReturnTrue" classname="parkingLot.ParkingLotSystemTest" time="0.001"/>
  <testcase name="givenVehicleWhichIsNotParked_AndTriedToCheckIfParked_ShouldThrowException" classname="parkingLot.ParkingLotSystemTest" time="0.0"/>
  <testcase name="givenVehicleWhenTriedToCheckIfUnParkedWithoutUnParking_ShouldThrowException" classname="parkingLot.ParkingLotSystemTest" time="0.0"/>
  <testcase name="givenVehicleWhenParkingLotFull_ShouldInformOwner" classname="parkingLot.ParkingLotSystemTest" time="0.0"/>
  <testcase name="givenVehicleWhenUnParked_ShouldReturnTrue" classname="parkingLot.ParkingLotSystemTest" time="0.0"/>
  <testcase name="givenVehicleWhenParkingLotFull_ShouldInformAirportSecurity" classname="parkingLot.ParkingLotSystemTest" time="0.0"/>
  <testcase name="givenVehicleWhenParkingLotFull_ShouldThrowException" classname="parkingLot.ParkingLotSystemTest" time="0.0"/>
  <system-out><![CDATA[]]></system-out>
  <system-err><![CDATA[]]></system-err>
</testsuite>
