<?xml version="1.0" encoding="UTF-8"?>
<testsuite name="parkingLot.ParkingLotSystemTest" tests="1" skipped="0" failures="0" errors="0" timestamp="2020-01-04T10:45:44" hostname="bridgelabz" time="0.291">
  <properties/>
  <testcase name="givenParkingLotWithVehicle_ShouldReturnListOfLocationsWhiteVehicle" classname="parkingLot.ParkingLotSystemTest" time="0.291"/>
  <system-out><![CDATA[[[0, 1], []]
]]></system-out>
  <system-err><![CDATA[]]></system-err>
</testsuite>
