<?xml version="1.0" encoding="UTF-8"?>
<testsuite name="parkingLot.InformObserversTest" tests="2" skipped="0" failures="0" errors="0" timestamp="2020-01-03T06:55:24" hostname="bridgelabz" time="0.026">
  <properties/>
  <testcase name="givenLotAvailableAgain_ShouldInformToObserversOfAvailability" classname="parkingLot.InformObserversTest" time="0.025"/>
  <testcase name="givenParkingIsFull_ShouldInformToObservers" classname="parkingLot.InformObserversTest" time="0.001"/>
  <system-out><![CDATA[]]></system-out>
  <system-err><![CDATA[]]></system-err>
</testsuite>
